<?xml version="1.0" encoding="UTF-8"?>
<!-- Generated by org.testng.reporters.JUnitReportReporter -->
<testsuite skipped="0" hostname="Reginas-MacBook-Pro.local" name="scripts.UnitedHomePageTest" tests="5" failures="0" timestamp="2023-01-31T14:34:38 CST" time="190.084" errors="0">
  <testcase name="validateMainMenuItems" time="39.281" classname="scripts.UnitedHomePageTest"/>
  <system-out/>
  <testcase name="validateBookTravelManu" time="32.656" classname="scripts.UnitedHomePageTest"/>
  <system-out/>
  <testcase name="validateRoundTripAndOneWayButtons" time="32.597" classname="scripts.UnitedHomePageTest"/>
  <system-out/>
  <testcase name="validateBookWithMilesAndFlexibleDatesCheckboxes" time="39.772" classname="scripts.UnitedHomePageTest"/>
  <system-out/>
  <testcase name="ValidateOneWayTicketSearchResult" time="45.778" classname="scripts.UnitedHomePageTest"/>
  <system-out/>
</testsuite> <!-- scripts.UnitedHomePageTest -->
